<?xml version="1.0" encoding="UTF-8" ?>
<testsuite failures="0" time="0.047" errors="0" skipped="0" tests="1" name="org.ericschult.dpclock.UPNPTestCase">
  <properties>
    <property name="java.runtime.name" value="Java(TM) SE Runtime Environment"/>
    <property name="sun.boot.library.path" value="C:\apps\jdk1.6.0_16\jre\bin"/>
    <property name="java.vm.version" value="14.2-b01"/>
    <property name="java.vm.vendor" value="Sun Microsystems Inc."/>
    <property name="java.vendor.url" value="http://java.sun.com/"/>
    <property name="path.separator" value=";"/>
    <property name="java.vm.name" value="Java HotSpot(TM) Client VM"/>
    <property name="file.encoding.pkg" value="sun.io"/>
    <property name="user.country" value="US"/>
    <property name="sun.java.launcher" value="SUN_STANDARD"/>
    <property name="sun.os.patch.level" value="Service Pack 3"/>
    <property name="java.vm.specification.name" value="Java Virtual Machine Specification"/>
    <property name="user.dir" value="C:\Documents and Settings\a488585\workspace\DPClock"/>
    <property name="java.runtime.version" value="1.6.0_16-b01"/>
    <property name="java.awt.graphicsenv" value="sun.awt.Win32GraphicsEnvironment"/>
    <property name="basedir" value="C:\Documents and Settings\a488585\workspace\DPClock"/>
    <property name="java.endorsed.dirs" value="C:\apps\jdk1.6.0_16\jre\lib\endorsed"/>
    <property name="os.arch" value="x86"/>
    <property name="surefire.real.class.path" value="C:\DOCUME~1\a488585\LOCALS~1\Temp\surefirebooter9065871133735295657.jar"/>
    <property name="java.io.tmpdir" value="C:\DOCUME~1\a488585\LOCALS~1\Temp\"/>
    <property name="line.separator" value="
"/>
    <property name="java.vm.specification.vendor" value="Sun Microsystems Inc."/>
    <property name="user.variant" value=""/>
    <property name="os.name" value="Windows XP"/>
    <property name="sun.jnu.encoding" value="Cp1252"/>
    <property name="java.library.path" value="C:\apps\jdk1.6.0_16\jre\bin;.;C:\WINDOWS\Sun\Java\bin;C:\WINDOWS\system32;C:\WINDOWS;C:\Program Files\ThinkPad\Utilities;C:\WINDOWS\system32;C:\WINDOWS;C:\WINDOWS\System32\Wbem;C:\Program Files\ThinkPad\ConnectUtilities;C:\Program Files\Fidelity\Autoruns;C:\Program Files\Utimaco\SafeGuard Easy\;C:\Program Files\QuickTime\QTSystem\;C:\apps\apache-ant-1.8.1\bin;c:\apps\jdk1.6.0_16\bin;C:\apps\apache-maven-2.2.1\bin;C:\apps\curl-7.21.2\bin"/>
    <property name="surefire.test.class.path" value="C:\Documents and Settings\a488585\workspace\DPClock\target\test-classes;C:\Documents and Settings\a488585\workspace\DPClock\target\classes;C:\Documents and Settings\a488585\.m2\repository\junit\junit\4.8.1\junit-4.8.1.jar;C:\Documents and Settings\a488585\.m2\repository\org\springframework\spring-context\3.0.4.RELEASE\spring-context-3.0.4.RELEASE.jar;C:\Documents and Settings\a488585\.m2\repository\org\springframework\spring-aop\3.0.4.RELEASE\spring-aop-3.0.4.RELEASE.jar;C:\Documents and Settings\a488585\.m2\repository\aopalliance\aopalliance\1.0\aopalliance-1.0.jar;C:\Documents and Settings\a488585\.m2\repository\org\springframework\spring-asm\3.0.4.RELEASE\spring-asm-3.0.4.RELEASE.jar;C:\Documents and Settings\a488585\.m2\repository\org\springframework\spring-beans\3.0.4.RELEASE\spring-beans-3.0.4.RELEASE.jar;C:\Documents and Settings\a488585\.m2\repository\org\springframework\spring-core\3.0.4.RELEASE\spring-core-3.0.4.RELEASE.jar;C:\Documents and Settings\a488585\.m2\repository\commons-logging\commons-logging\1.0.4\commons-logging-1.0.4.jar;C:\Documents and Settings\a488585\.m2\repository\org\springframework\spring-expression\3.0.4.RELEASE\spring-expression-3.0.4.RELEASE.jar;C:\Documents and Settings\a488585\.m2\repository\jgroups\jgroups-all\2.4.1\jgroups-all-2.4.1.jar;C:\Documents and Settings\a488585\.m2\repository\concurrent\concurrent\1.3.4\concurrent-1.3.4.jar;C:\Documents and Settings\a488585\.m2\repository\commons-beanutils\commons-beanutils-core\1.8.3\commons-beanutils-core-1.8.3.jar;C:\Documents and Settings\a488585\.m2\repository\org\springframework\spring-oxm\3.0.4.RELEASE\spring-oxm-3.0.4.RELEASE.jar;"/>
    <property name="java.specification.name" value="Java Platform API Specification"/>
    <property name="java.class.version" value="50.0"/>
    <property name="sun.management.compiler" value="HotSpot Client Compiler"/>
    <property name="os.version" value="5.1"/>
    <property name="user.home" value="C:\Documents and Settings\a488585"/>
    <property name="user.timezone" value=""/>
    <property name="java.awt.printerjob" value="sun.awt.windows.WPrinterJob"/>
    <property name="java.specification.version" value="1.6"/>
    <property name="file.encoding" value="Cp1252"/>
    <property name="user.name" value="a488585"/>
    <property name="java.class.path" value="C:\Documents and Settings\a488585\workspace\DPClock\target\test-classes;C:\Documents and Settings\a488585\workspace\DPClock\target\classes;C:\Documents and Settings\a488585\.m2\repository\junit\junit\4.8.1\junit-4.8.1.jar;C:\Documents and Settings\a488585\.m2\repository\org\springframework\spring-context\3.0.4.RELEASE\spring-context-3.0.4.RELEASE.jar;C:\Documents and Settings\a488585\.m2\repository\org\springframework\spring-aop\3.0.4.RELEASE\spring-aop-3.0.4.RELEASE.jar;C:\Documents and Settings\a488585\.m2\repository\aopalliance\aopalliance\1.0\aopalliance-1.0.jar;C:\Documents and Settings\a488585\.m2\repository\org\springframework\spring-asm\3.0.4.RELEASE\spring-asm-3.0.4.RELEASE.jar;C:\Documents and Settings\a488585\.m2\repository\org\springframework\spring-beans\3.0.4.RELEASE\spring-beans-3.0.4.RELEASE.jar;C:\Documents and Settings\a488585\.m2\repository\org\springframework\spring-core\3.0.4.RELEASE\spring-core-3.0.4.RELEASE.jar;C:\Documents and Settings\a488585\.m2\repository\commons-logging\commons-logging\1.0.4\commons-logging-1.0.4.jar;C:\Documents and Settings\a488585\.m2\repository\org\springframework\spring-expression\3.0.4.RELEASE\spring-expression-3.0.4.RELEASE.jar;C:\Documents and Settings\a488585\.m2\repository\jgroups\jgroups-all\2.4.1\jgroups-all-2.4.1.jar;C:\Documents and Settings\a488585\.m2\repository\concurrent\concurrent\1.3.4\concurrent-1.3.4.jar;C:\Documents and Settings\a488585\.m2\repository\commons-beanutils\commons-beanutils-core\1.8.3\commons-beanutils-core-1.8.3.jar;C:\Documents and Settings\a488585\.m2\repository\org\springframework\spring-oxm\3.0.4.RELEASE\spring-oxm-3.0.4.RELEASE.jar;"/>
    <property name="java.vm.specification.version" value="1.0"/>
    <property name="sun.arch.data.model" value="32"/>
    <property name="java.home" value="C:\apps\jdk1.6.0_16\jre"/>
    <property name="java.specification.vendor" value="Sun Microsystems Inc."/>
    <property name="user.language" value="en"/>
    <property name="awt.toolkit" value="sun.awt.windows.WToolkit"/>
    <property name="java.vm.info" value="mixed mode"/>
    <property name="java.version" value="1.6.0_16"/>
    <property name="java.ext.dirs" value="C:\apps\jdk1.6.0_16\jre\lib\ext;C:\WINDOWS\Sun\Java\lib\ext"/>
    <property name="sun.boot.class.path" value="C:\apps\jdk1.6.0_16\jre\lib\resources.jar;C:\apps\jdk1.6.0_16\jre\lib\rt.jar;C:\apps\jdk1.6.0_16\jre\lib\sunrsasign.jar;C:\apps\jdk1.6.0_16\jre\lib\jsse.jar;C:\apps\jdk1.6.0_16\jre\lib\jce.jar;C:\apps\jdk1.6.0_16\jre\lib\charsets.jar;C:\apps\jdk1.6.0_16\jre\classes"/>
    <property name="java.vendor" value="Sun Microsystems Inc."/>
    <property name="localRepository" value="C:/Documents and Settings/a488585/.m2/repository"/>
    <property name="file.separator" value="\"/>
    <property name="java.vendor.url.bug" value="http://java.sun.com/cgi-bin/bugreport.cgi"/>
    <property name="sun.cpu.endian" value="little"/>
    <property name="sun.io.unicode.encoding" value="UnicodeLittle"/>
    <property name="sun.desktop" value="windows"/>
    <property name="sun.cpu.isalist" value="pentium_pro+mmx pentium_pro pentium+mmx pentium i486 i386 i86"/>
  </properties>
  <testcase time="0" classname="org.ericschult.dpclock.UPNPTestCase" name="testVersion"/>
</testsuite>